2025-06-11 15:05:42 proc1_child 0
aaaaaa
2025-06-11 15:08:52 proc1 runningaaaaaaa
2025-06-11 15:08:52 proc1_child 0
2025-06-11 15:45:10 proc1_child 0
2025-06-11 15:45:10 proc1_child runningaaaaaaa
2025-06-11 15:46:02 proc1 init.
2025-06-11 15:46:02 proc1_child 0
2025-06-11 15:46:02 proc1 runningaaaaaaa
2025-06-11 15:47:57 proc1 init.
2025-06-11 15:47:57 proc1_child 0
2025-06-11 15:47:57 proc1 runningaaaaaaa
2025-06-14 16:01:48 proc1 process exit(0)
2025-06-14 16:01:48 proc1 process exit(0)
2025-06-14 16:07:46 proc1 process exit(0)
2025-06-14 16:07:46 proc1 process exit(0)
2025-06-14 16:20:37 proc1 process exit(0)
2025-06-14 16:20:37 proc1 process exit(0)
2025-06-14 16:20:38 proc1 process exit(0)
2025-06-14 16:20:38 proc1 process exit(0)
2025-06-14 16:20:39 proc1 process exit(0)
2025-06-14 16:20:39 proc1 process exit(0)
2025-06-14 16:20:40 proc1 process exit(0)
2025-06-14 16:20:40 proc1 process exit(0)
2025-06-14 16:20:40 proc1 process exit(0)
2025-06-14 16:20:40 proc1 process exit(0)
2025-06-14 16:20:41 proc1 process exit(0)
2025-06-14 16:20:41 proc1 process exit(0)
2025-06-14 16:20:41 proc1 process exit(0)
2025-06-14 16:20:41 proc1 process exit(0)
2025-06-14 16:20:43 proc1 process exit(0)
2025-06-14 16:20:43 proc1 process exit(0)
2025-06-14 16:20:43 proc1 process exit(0)
2025-06-14 16:20:43 proc1 process exit(0)
2025-06-14 16:20:44 proc1 process exit(0)
2025-06-14 16:20:44 proc1 process exit(0)
2025-06-14 16:20:52 proc1 process exit(0)
2025-06-14 16:20:52 proc1 process exit(0)
2025-06-14 16:20:54 proc1 process exit(0)
2025-06-14 16:20:54 proc1 process exit(0)
2025-06-14 16:21:00 proc1 process exit(0)
2025-06-14 16:21:00 proc1 process exit(0)
2025-06-14 16:21:05 proc1 process exit(0)
2025-06-14 16:21:05 proc1 process exit(0)
2025-06-14 16:21:08 proc1 process exit(0)
2025-06-14 16:21:08 proc1 process exit(0)
2025-06-14 16:21:10 proc1 process exit(0)
2025-06-14 16:21:10 proc1 process exit(0)
2025-06-14 16:21:11 proc1 process exit(0)
2025-06-14 16:21:11 proc1 process exit(0)
2025-06-14 16:21:18 proc1 process exit(0)
2025-06-14 16:21:18 proc1 process exit(0)
2025-06-14 16:40:24 proc1 process exit(0)
2025-06-14 16:40:24 proc1 process exit(0)
2025-06-14 16:45:10 proc1 process exit(0)
2025-06-14 16:45:10 proc1 process exit(0)
2025-06-14 17:05:49 proc1 process exit(0)
2025-06-14 17:06:24 proc1 process exit(0)
2025-06-14 17:07:34 proc1 process exit(0)
2025-06-14 17:27:11 proc1 process exit(0)
2025-06-14 17:28:11 proc1 process exit(0)
2025-06-14 17:29:08 proc1 process exit(0)
2025-06-14 17:30:01 proc1 process exit(0)
2025-06-14 17:30:21 proc1 process exit(0)
2025-06-14 17:32:14 proc1 process exit(0)
2025-06-14 17:32:28 proc1 process exit(0)
2025-06-14 17:33:01 proc1 process exit(0)
2025-06-14 17:33:12 proc1 process exit(0)
2025-06-14 17:33:25 proc1 process exit(0)
2025-06-14 17:33:36 proc1 process exit(0)
2025-06-14 17:33:56 proc1 process exit(0)
2025-06-14 17:34:25 proc1 process exit(0)
2025-06-14 17:34:37 proc1 process exit(0)
2025-06-14 17:35:02 proc1 process exit(0)
2025-06-14 17:35:05 proc1 process exit(0)
2025-06-14 17:35:05 proc1 process exit(0)
2025-06-14 17:36:43 proc1 process exit(0)
2025-06-14 17:36:43 proc1 process exit(0)
2025-06-14 17:40:34 proc1 process exit(0)
2025-06-14 17:40:34 proc1 process exit(0)
2025-06-14 17:48:13 proc1 process exit(0)
2025-06-14 17:48:13 proc1 process exit(0)
2025-06-14 17:50:50 proc1 process exit(0)
2025-06-14 17:51:17 proc1 process exit(0)
2025-06-14 17:51:17 proc1 process exit(0)
2025-06-14 17:51:34 proc1 process exit(0)
2025-06-14 17:52:34 proc1 process exit(0)
2025-06-14 17:52:34 proc1 process exit(0)
2025-06-16 09:51:19 proc1 process exit(0)
2025-06-16 09:51:19 proc1 process exit(0)
2025-06-16 09:52:57 proc1 process exit(0)
2025-06-16 09:52:57 proc1 process exit(0)
2025-06-16 09:53:29 proc1 process exit(0)
2025-06-16 09:53:29 proc1 process exit(0)
2025-06-16 09:56:20 proc1 process exit(0)
2025-06-16 09:56:20 proc1 process exit(0)
2025-06-16 09:56:49 proc1 process exit(0)
2025-06-16 09:56:49 proc1 process exit(0)
2025-06-16 09:57:20 proc1 process exit(0)
2025-06-16 09:57:20 proc1 process exit(0)
2025-06-16 10:00:58 proc1 process exit(0)
2025-06-16 10:00:58 proc1 process exit(0)
2025-06-16 10:03:30 proc1 process exit(0)
2025-06-16 10:03:30 proc1 process exit(0)
2025-06-16 10:04:24 proc1 process exit(0)
2025-06-16 10:04:24 proc1 process exit(0)
2025-06-16 11:06:37 proc1 process exit(0)
2025-06-16 11:06:37 proc1 process exit(0)
2025-06-16 11:06:37 proc1 process exit(0)
2025-06-16 11:06:37 proc1 process exit(0)
2025-06-16 11:06:59 proc1 process exit(0)
2025-06-16 11:07:00 proc1 process exit(0)
2025-06-16 11:07:01 proc1 process exit(0)
2025-06-16 11:07:01 proc1 process exit(0)
2025-06-16 11:07:14 proc1 process exit(0)
2025-06-16 11:07:15 proc1 process exit(0)
2025-06-16 11:07:16 proc1 process exit(0)
2025-06-16 11:07:16 proc1 process exit(0)
2025-06-16 11:08:45 proc1 process exit(0)
2025-06-16 11:08:46 proc1 process exit(0)
2025-06-16 11:08:47 proc1 process exit(0)
2025-06-16 11:08:47 proc1 process exit(0)
2025-06-16 11:09:02 proc1 process exit(0)
2025-06-16 11:09:02 proc1 process exit(0)
2025-06-16 11:09:02 proc1 process exit(0)
2025-06-16 11:09:02 proc1 process exit(0)
2025-06-16 11:11:04 proc1 process exit(0)
2025-06-16 11:11:05 proc1 process exit(0)
2025-06-16 11:11:06 proc1 process exit(0)
2025-06-16 11:11:06 proc1 process exit(0)
2025-06-16 11:11:19 proc1 process exit(0)
2025-06-16 11:11:20 proc1 process exit(0)
2025-06-16 11:11:21 proc1 process exit(0)
2025-06-16 11:11:21 proc1 process exit(0)
2025-06-16 11:11:52 proc1 process exit(0)
2025-06-16 11:11:52 proc1 process exit(0)
2025-06-16 11:11:52 proc1 process exit(0)
2025-06-16 11:11:52 proc1 process exit(0)
2025-06-16 11:12:10 proc1 process exit(0)
2025-06-16 11:12:11 proc1 process exit(0)
2025-06-16 11:12:12 proc1 process exit(0)
2025-06-16 11:12:12 proc1 process exit(0)
2025-06-16 11:13:52 proc1 process exit(0)
2025-06-16 11:13:53 proc1 process exit(0)
2025-06-16 11:13:54 proc1 process exit(0)
2025-06-16 11:13:54 proc1 process exit(0)
2025-06-16 11:14:06 proc1 process exit(0)
2025-06-16 11:14:07 proc1 process exit(0)
2025-06-16 11:14:08 proc1 process exit(0)
2025-06-16 11:14:08 proc1 process exit(0)
2025-06-16 11:14:30 proc1 process exit(0)
2025-06-16 11:14:31 proc1 process exit(0)
2025-06-16 11:14:32 proc1 process exit(0)
2025-06-16 11:14:32 proc1 process exit(0)
2025-06-16 11:15:56 proc1 process exit(0)
2025-06-16 11:15:57 proc1 process exit(0)
2025-06-16 11:15:58 proc1 process exit(0)
2025-06-16 11:15:58 proc1 process exit(0)
2025-06-16 11:16:48 proc1 process exit(0)
2025-06-16 11:16:49 proc1 process exit(0)
2025-06-16 11:16:50 proc1 process exit(0)
2025-06-16 11:16:50 proc1 process exit(0)
2025-06-16 11:17:22 proc1 process exit(0)
2025-06-16 11:17:23 proc1 process exit(0)
2025-06-16 11:17:24 proc1 process exit(0)
2025-06-16 11:17:24 proc1 process exit(0)
2025-06-16 11:20:53 proc1 process exit(0)
2025-06-16 11:20:54 proc1 process exit(0)
2025-06-16 11:20:55 proc1 process exit(0)
2025-06-16 11:20:55 proc1 process exit(0)
2025-06-16 11:21:09 proc1 process exit(0)
2025-06-16 11:21:10 proc1 process exit(0)
2025-06-16 11:21:11 proc1 process exit(0)
2025-06-16 11:21:11 proc1 process exit(0)
2025-06-16 11:33:40 proc1 process exit(0)
2025-06-16 11:33:41 proc1 process exit(0)
2025-06-16 11:33:42 proc1 process exit(0)
2025-06-16 11:33:42 proc1 process exit(0)
2025-06-16 11:36:03 proc1 process exit(0)
2025-06-16 11:36:04 proc1 process exit(0)
2025-06-16 11:36:05 proc1 process exit(0)
2025-06-16 11:36:05 proc1 process exit(0)
2025-06-16 11:46:18 proc1 process exit(0)
2025-06-16 11:46:19 proc1 process exit(0)
2025-06-16 11:46:20 proc1 process exit(0)
2025-06-16 11:46:20 proc1 process exit(0)
2025-06-16 11:48:11 proc1 process exit(0)
2025-06-16 11:48:12 proc1 process exit(0)
2025-06-16 11:48:13 proc1 process exit(0)
2025-06-16 11:48:13 proc1 process exit(0)
2025-06-16 11:58:14 proc1 process exit(0)
2025-06-16 11:58:15 proc1 process exit(0)
2025-06-16 11:58:16 proc1 process exit(0)
2025-06-16 11:58:16 proc1 process exit(0)
2025-06-16 12:01:00 proc1 process exit(0)
2025-06-16 12:01:01 proc1 process exit(0)
2025-06-16 12:01:02 proc1 process exit(0)
2025-06-16 12:01:02 proc1 process exit(0)
2025-06-16 14:01:46 proc1 process exit(0)
2025-06-16 14:01:47 proc1 process exit(0)
2025-06-16 14:01:48 proc1 process exit(0)
2025-06-16 14:01:48 proc1 process exit(0)
2025-06-16 14:04:30 proc1 process exit(0)
2025-06-16 14:04:31 proc1 process exit(0)
2025-06-16 14:04:31 proc1 process exit(0)
2025-06-16 14:04:32 proc1 process exit(0)
2025-06-16 14:08:29 proc1 process exit(0)
2025-06-16 14:08:30 proc1 process exit(0)
2025-06-16 14:08:31 proc1 process exit(0)
2025-06-16 14:08:31 proc1 process exit(0)
2025-06-16 14:13:54 proc1 process exit(0)
2025-06-16 14:13:55 proc1 process exit(0)
2025-06-16 14:13:56 proc1 process exit(0)
2025-06-16 14:13:56 proc1 process exit(0)
2025-06-16 14:52:50 proc1 process exit(0)
2025-06-16 14:52:51 proc1 process exit(0)
2025-06-16 14:52:52 proc1 process exit(0)
2025-06-16 14:52:52 proc1 process exit(0)
2025-06-16 14:53:56 proc1 process exit(0)
2025-06-16 14:53:57 proc1 process exit(0)
2025-06-16 14:53:58 proc1 process exit(0)
2025-06-16 14:53:58 proc1 process exit(0)
2025-06-16 14:56:26 proc1 process exit(0)
2025-06-16 14:56:27 proc1 process exit(0)
2025-06-16 14:56:28 proc1 process exit(0)
2025-06-16 14:56:28 proc1 process exit(0)
2025-06-16 14:57:01 proc1 process exit(0)
2025-06-16 14:57:02 proc1 process exit(0)
2025-06-16 14:57:03 proc1 process exit(0)
2025-06-16 14:57:03 proc1 process exit(0)
2025-06-16 15:02:41 proc1 process exit(0)
2025-06-16 15:02:42 proc1 process exit(0)
2025-06-16 15:02:43 proc1 process exit(0)
2025-06-16 15:02:43 proc1 process exit(0)
2025-06-16 15:04:45 proc1 process exit(0)
2025-06-16 15:04:46 proc1 process exit(0)
2025-06-16 15:05:27 proc1 process exit(0)
2025-06-16 15:05:31 proc1 process exit(0)
2025-06-16 15:06:13 proc1 process exit(0)
2025-06-16 15:06:13 proc1 process exit(0)
2025-06-16 15:06:49 proc1 process exit(0)
2025-06-16 15:06:49 proc1 process exit(0)
2025-06-16 15:08:39 proc1 process exit(0)
2025-06-16 15:08:39 proc1 process exit(0)
2025-06-16 15:10:27 proc1 process exit(0)
2025-06-16 15:10:27 proc1 process exit(0)
2025-06-16 15:42:57 proc1 process exit(0)
2025-06-16 15:42:57 proc1 process exit(0)
2025-06-16 15:43:10 proc1 process exit(0)
2025-06-16 15:43:10 proc1 process exit(0)
2025-06-16 15:43:10 proc1 process exit(0)
2025-06-16 15:43:10 proc1 process exit(0)
2025-06-16 15:58:39 proc1 process exit(0)
2025-06-16 15:58:40 proc1 process exit(0)
2025-06-16 15:58:40 proc1 process exit(0)
2025-06-16 15:58:41 proc1 process exit(0)
2025-06-16 15:58:58 proc1 process exit(0)
2025-06-16 15:58:59 proc1 process exit(0)
2025-06-16 15:59:00 proc1 process exit(0)
2025-06-16 15:59:00 proc1 process exit(0)
2025-06-16 16:00:14 proc1 process exit(0)
2025-06-16 16:00:15 proc1 process exit(0)
2025-06-16 16:00:16 proc1 process exit(0)
2025-06-16 16:00:16 proc1 process exit(0)
2025-06-16 16:07:29 proc1 process exit(0)
2025-06-16 16:07:30 proc1 process exit(0)
2025-06-16 16:07:31 proc1 process exit(0)
2025-06-16 16:07:31 proc1 process exit(-1)
2025-06-16 16:07:52 proc1 process exit(0)
2025-06-16 16:07:53 proc1 process exit(0)
2025-06-16 16:07:54 proc1 process exit(0)
2025-06-16 16:07:54 proc1 process exit(-1)
2025-06-16 16:08:28 proc1 process exit(0)
2025-06-16 16:08:29 proc1 process exit(0)
2025-06-16 16:08:30 proc1 process exit(0)
2025-06-16 16:08:30 proc1 process exit(-1)
2025-06-16 16:10:09 proc1 process exit(0)
2025-06-16 16:10:10 proc1 process exit(0)
2025-06-16 16:10:11 proc1 process exit(0)
2025-06-16 16:10:11 proc1 process exit(0)
2025-06-16 16:17:11 proc1 process exit(0)
2025-06-16 16:17:12 proc1 process exit(1)
2025-06-16 16:17:13 proc1 process exit(2)
2025-06-16 16:17:13 proc1 process exit(0)
2025-06-16 16:44:00 proc1 process exit(0)
2025-06-16 16:44:05 proc1 process exit(0)
2025-06-16 16:44:42 proc1 process exit(0)
2025-06-16 16:44:47 proc1 process exit(0)
2025-06-16 16:45:10 proc1 process exit(0)
2025-06-16 16:45:15 proc1 process exit(0)
2025-06-16 16:45:30 proc1 process exit(0)
2025-06-16 16:45:35 proc1 process exit(0)
2025-06-16 17:25:53 proc1 process exit(0)
2025-06-16 17:26:22 proc1 process exit(0)
2025-06-16 17:27:04 proc1 process exit(0)
2025-06-16 17:27:14 proc1 process exit(0)
2025-06-16 17:27:43 proc1 process exit(0)
2025-06-16 17:30:24 proc1 process exit(0)
2025-06-16 17:30:53 proc1 process exit(0)
