
2025-06-10 16:21:57 proc1 init.
2025-06-10 16:21:57 proc1 atexit registration success.
2025-06-10 16:21:57 proc1 putenv linux=111
2025-06-10 16:21:57 proc1 getenv linux.
2025-06-10 16:21:57 proc1 dump env.
2025-06-10 16:21:57 proc1 unsetenv: linux.
2025-06-10 16:21:57 proc1 dump env.
2025-06-10 16:21:57 proc1 clearenv.
2025-06-10 16:23:53 proc1 init.
2025-06-10 16:23:53 proc1 atexit registration success.
2025-06-10 16:23:53 proc1 exit.
2025-06-10 16:23:58 proc1 init.
2025-06-10 16:23:58 proc1 atexit registration success.
2025-06-10 16:23:58 proc1 dump env.
2025-06-10 16:23:58 proc1 exit.
2025-06-10 16:26:25 proc1 init.
2025-06-10 16:26:25 proc1 atexit registration success.
2025-06-10 16:26:25 proc1 setenv linux
2025-06-10 16:26:25 proc1 dump env.
2025-06-10 16:26:25 proc1 exit.
2025-06-10 16:26:40 proc1 init.
2025-06-10 16:26:40 proc1 atexit registration success.
2025-06-10 16:26:40 proc1 setenv linux
2025-06-10 16:26:40 proc1 dump env.
2025-06-10 16:26:40 proc1 exit.
