2025-06-11 15:05:42 proc1_child 0
aaaaaa
2025-06-11 15:08:52 proc1 runningaaaaaaa
2025-06-11 15:08:52 proc1_child 0
2025-06-11 15:45:10 proc1_child 0
2025-06-11 15:45:10 proc1_child runningaaaaaaa
2025-06-11 15:46:02 proc1 init.
2025-06-11 15:46:02 proc1_child 0
2025-06-11 15:46:02 proc1 runningaaaaaaa
2025-06-11 15:47:57 proc1 init.
2025-06-11 15:47:57 proc1_child 0
2025-06-11 15:47:57 proc1 runningaaaaaaa
2025-06-14 16:01:48 proc1 process exit(0)
2025-06-14 16:01:48 proc1 process exit(0)
2025-06-14 16:07:46 proc1 process exit(0)
2025-06-14 16:07:46 proc1 process exit(0)
2025-06-14 16:20:37 proc1 process exit(0)
2025-06-14 16:20:37 proc1 process exit(0)
2025-06-14 16:20:38 proc1 process exit(0)
2025-06-14 16:20:38 proc1 process exit(0)
2025-06-14 16:20:39 proc1 process exit(0)
2025-06-14 16:20:39 proc1 process exit(0)
2025-06-14 16:20:40 proc1 process exit(0)
2025-06-14 16:20:40 proc1 process exit(0)
2025-06-14 16:20:40 proc1 process exit(0)
2025-06-14 16:20:40 proc1 process exit(0)
2025-06-14 16:20:41 proc1 process exit(0)
2025-06-14 16:20:41 proc1 process exit(0)
2025-06-14 16:20:41 proc1 process exit(0)
2025-06-14 16:20:41 proc1 process exit(0)
2025-06-14 16:20:43 proc1 process exit(0)
2025-06-14 16:20:43 proc1 process exit(0)
2025-06-14 16:20:43 proc1 process exit(0)
2025-06-14 16:20:43 proc1 process exit(0)
2025-06-14 16:20:44 proc1 process exit(0)
2025-06-14 16:20:44 proc1 process exit(0)
2025-06-14 16:20:52 proc1 process exit(0)
2025-06-14 16:20:52 proc1 process exit(0)
2025-06-14 16:20:54 proc1 process exit(0)
2025-06-14 16:20:54 proc1 process exit(0)
2025-06-14 16:21:00 proc1 process exit(0)
2025-06-14 16:21:00 proc1 process exit(0)
2025-06-14 16:21:05 proc1 process exit(0)
2025-06-14 16:21:05 proc1 process exit(0)
2025-06-14 16:21:08 proc1 process exit(0)
2025-06-14 16:21:08 proc1 process exit(0)
2025-06-14 16:21:10 proc1 process exit(0)
2025-06-14 16:21:10 proc1 process exit(0)
2025-06-14 16:21:11 proc1 process exit(0)
2025-06-14 16:21:11 proc1 process exit(0)
2025-06-14 16:21:18 proc1 process exit(0)
2025-06-14 16:21:18 proc1 process exit(0)
2025-06-14 16:40:24 proc1 process exit(0)
2025-06-14 16:40:24 proc1 process exit(0)
2025-06-14 16:45:10 proc1 process exit(0)
2025-06-14 16:45:10 proc1 process exit(0)
2025-06-14 17:05:49 proc1 process exit(0)
2025-06-14 17:06:24 proc1 process exit(0)
2025-06-14 17:07:34 proc1 process exit(0)
2025-06-14 17:27:11 proc1 process exit(0)
2025-06-14 17:28:11 proc1 process exit(0)
2025-06-14 17:29:08 proc1 process exit(0)
2025-06-14 17:30:01 proc1 process exit(0)
2025-06-14 17:30:21 proc1 process exit(0)
2025-06-14 17:32:14 proc1 process exit(0)
2025-06-14 17:32:28 proc1 process exit(0)
2025-06-14 17:33:01 proc1 process exit(0)
2025-06-14 17:33:12 proc1 process exit(0)
2025-06-14 17:33:25 proc1 process exit(0)
2025-06-14 17:33:36 proc1 process exit(0)
2025-06-14 17:33:56 proc1 process exit(0)
2025-06-14 17:34:25 proc1 process exit(0)
2025-06-14 17:34:37 proc1 process exit(0)
2025-06-14 17:35:02 proc1 process exit(0)
2025-06-14 17:35:05 proc1 process exit(0)
2025-06-14 17:35:05 proc1 process exit(0)
2025-06-14 17:36:43 proc1 process exit(0)
2025-06-14 17:36:43 proc1 process exit(0)
2025-06-14 17:40:34 proc1 process exit(0)
2025-06-14 17:40:34 proc1 process exit(0)
2025-06-14 17:48:13 proc1 process exit(0)
2025-06-14 17:48:13 proc1 process exit(0)
2025-06-14 17:50:50 proc1 process exit(0)
2025-06-14 17:51:17 proc1 process exit(0)
2025-06-14 17:51:17 proc1 process exit(0)
2025-06-14 17:51:34 proc1 process exit(0)
2025-06-14 17:52:34 proc1 process exit(0)
2025-06-14 17:52:34 proc1 process exit(0)
2025-06-16 09:51:19 proc1 process exit(0)
2025-06-16 09:51:19 proc1 process exit(0)
2025-06-16 09:52:57 proc1 process exit(0)
2025-06-16 09:52:57 proc1 process exit(0)
2025-06-16 09:53:29 proc1 process exit(0)
2025-06-16 09:53:29 proc1 process exit(0)
2025-06-16 09:56:20 proc1 process exit(0)
2025-06-16 09:56:20 proc1 process exit(0)
2025-06-16 09:56:49 proc1 process exit(0)
2025-06-16 09:56:49 proc1 process exit(0)
2025-06-16 09:57:20 proc1 process exit(0)
2025-06-16 09:57:20 proc1 process exit(0)
2025-06-16 10:00:58 proc1 process exit(0)
2025-06-16 10:00:58 proc1 process exit(0)
2025-06-16 10:03:30 proc1 process exit(0)
2025-06-16 10:03:30 proc1 process exit(0)
2025-06-16 10:04:24 proc1 process exit(0)
2025-06-16 10:04:24 proc1 process exit(0)
2025-06-16 14:52:27 proc1 process exit(0)
2025-06-16 14:52:27 proc1 process exit(0)
2025-06-23 17:28:31 proc1 process exit(0)
2025-06-23 17:28:31 proc1 process exit(0)
